Setting stack size to unlimited...
core file size          (blocks, -c) 0
data seg size           (kbytes, -d) unlimited
scheduling priority             (-e) 0
file size               (blocks, -f) unlimited
pending signals                 (-i) 2062720
max locked memory       (kbytes, -l) unlimited
max memory size         (kbytes, -m) 204800000
open files                      (-n) 1024
pipe size            (512 bytes, -p) 8
POSIX message queues     (bytes, -q) 819200
real-time priority              (-r) 0
stack size              (kbytes, -s) unlimited
cpu time               (seconds, -t) unlimited
max user processes              (-u) 4096
virtual memory          (kbytes, -v) unlimited
file locks                      (-x) unlimited

Running Job...!
===============================================================================
Running compiled binary...
Serial version...
probability: 0.200000
Random # generator seed: 1582889460
Running time for the iterations: 33.520624 sec.
Press enter to end.
Parallel version with 2 threads
probability: 0.200000
Random # generator seed: 1582889460
Running time for the iterations: 33.466047 sec.
Press enter to end.
Parallel version with 4 threads
probability: 0.200000
Random # generator seed: 1582889460
Running time for the iterations: 11.360433 sec.
Press enter to end.
Parallel version with 8 threads
probability: 0.200000
Random # generator seed: 1582889460
Running time for the iterations: 5.828014 sec.
Press enter to end.
Parallel version with 16 threads
probability: 0.200000
Random # generator seed: 1582889460
Running time for the iterations: 4.438875 sec.
Press enter to end.
Parallel version with 32 threads
probability: 0.200000
Random # generator seed: 1582889460
Running time for the iterations: 9.167335 sec.
Press enter to end.
n 2000 with 16 threads
probability: 0.200000
Random # generator seed: 1582889460
Running time for the iterations: 4.362954 sec.
Press enter to end.
n 4000 with 16 threads
probability: 0.200000
Random # generator seed: 1582889460
Running time for the iterations: 17.007173 sec.
Press enter to end.
n 6000 with 16 threads
probability: 0.200000
Random # generator seed: 1582889460
Running time for the iterations: 41.514652 sec.
Press enter to end.
n 8000 with 16 threads
probability: 0.200000
Random # generator seed: 1582889460
Running time for the iterations: 75.652320 sec.
Press enter to end.
n 10000 with 16 threads
probability: 0.200000
Random # generator seed: 1582889460
Running time for the iterations: 116.194621 sec.
Press enter to end.
