Setting stack size to unlimited...
core file size          (blocks, -c) 0
data seg size           (kbytes, -d) unlimited
scheduling priority             (-e) 0
file size               (blocks, -f) unlimited
pending signals                 (-i) 2062727
max locked memory       (kbytes, -l) unlimited
max memory size         (kbytes, -m) 204800000
open files                      (-n) 1024
pipe size            (512 bytes, -p) 8
POSIX message queues     (bytes, -q) 819200
real-time priority              (-r) 0
stack size              (kbytes, -s) unlimited
cpu time               (seconds, -t) unlimited
max user processes              (-u) 4096
virtual memory          (kbytes, -v) unlimited
file locks                      (-x) unlimited

Running Job...!
===============================================================================
Running compiled binary...
Serial version...
probability: 0.200000
Random # generator seed: 1582529137
Running time for the iterations: 25.522522 sec.
Press enter to end.
Parallel version with 2 threads
probability: 0.200000
Random # generator seed: 1582879544
Running time for the iterations: 25.798776 sec.
Press enter to end.
Parallel version with 4 threads
probability: 0.200000
Random # generator seed: 1582981508
Running time for the iterations: 10.252818 sec.
Press enter to end.
Parallel version with 8 threads
probability: 0.200000
Random # generator seed: 1583144481
Running time for the iterations: 4.482286 sec.
Press enter to end.
Parallel version with 16 threads
probability: 0.200000
Random # generator seed: 1583073364
Running time for the iterations: 5.533491 sec.
Press enter to end.
Parallel version with 32 threads
probability: 0.200000
Random # generator seed: 1582485157
Running time for the iterations: 6.040315 sec.
Press enter to end.
n 2000 with 16 threads
probability: 0.200000
Random # generator seed: 1582383748
Running time for the iterations: 5.638797 sec.
Press enter to end.
n 4000 with 16 threads
probability: 0.200000
Random # generator seed: 1583225522
Running time for the iterations: 15.254313 sec.
Press enter to end.
n 6000 with 16 threads
probability: 0.200000
Random # generator seed: 1582762149
Running time for the iterations: 32.748320 sec.
Press enter to end.
n 8000 with 16 threads
probability: 0.200000
Random # generator seed: 1583064417
Running time for the iterations: 58.577073 sec.
Press enter to end.
n 10000 with 16 threads
probability: 0.200000
Random # generator seed: 1583244146
Running time for the iterations: 84.393726 sec.
Press enter to end.
